Bunlding...
Server running on port3000
Bundling project, please wait...
Bundled in 7836ms!
[[{"news_id": 753070012760399872, "sensitive": false, "news_content": "RT @kennethxrivera: Ang Maine Mendoza ng UE \ud83d\ude0d\u263a\ud83d\ude02\u2764 @mainedcm https://t.co/9IxSmALdKD", "user_id": 555175414, "users": [{"news_id": 753070012760399872, "site_id": 8, "sensitive": false, "user_id": 555175414, "time": "2016-07-13 03:34:17"}, {"news_id": 753070012760399872, "site_id": 2, "sensitive": false, "user_id": 1962570246, "time": "2016-07-13 03:34:17"}, {"news_id": 753070012760399872, "site_id": 1, "sensitive": false, "user_id": 63701775, "time": "2016-07-13 03:34:17"}], "words": [], "word_num": 0, "id": 1}, {"news_id": 753069980015439872, "sensitive": false, "news_content": "Your @Chevrolet #ASG MVP: @TheRealHos35.\n\n#ChevyBaseball https://t.co/OpgXDPmsuq", "user_id": 18479513, "users": [{"news_id": 753069980015439872, "site_id": 8, "sensitive": false, "user_id": 18479513, "time": "2016-07-13 03:34:09"}, {"news_id": 753069980015439872, "site_id": 7, "sensitive": false, "user_id": 66395780, "time": "2016-07-13 03:34:09"}, {"news_id": 753069980015439872, "site_id": 5, "sensitive": false, "user_id": 1315298502, "time": "2016-07-13 03:34:09"}], "words": [], "word_num": 0, "id": 2}, {"news_id": 753069977628966912, "sensitive": false, "news_content": "Cats \u201cHeadbutt\u201d people because they make them feel safe, or they trust them.", "user_id": 2425231, "users": [{"news_id": 753069977628966912, "site_id": 5, "sensitive": false, "user_id": 2425231, "time": "2016-07-13 03:34:08"}], "words": [], "word_num": 0, "id": 3}, {"news_id": 753069970796470272, "sensitive": false, "news_content": "#russo 108Morris108 Update 1 https://t.co/jnyPHCHti0 #eo https://t.co/qCa4da0tck", "user_id": 223744995, "users": [{"news_id": 753069970796470272, "site_id": 3, "sensitive": false, "user_id": 223744995, "time": "2016-07-13 03:34:07"}], "words": [], "word_num": 0, "id": 4}, {"news_id": 753069948851945472, "sensitive": false, "news_content": "https://t.co/iRNh2MxcC4", "user_id": 1347755538, "users": [{"news_id": 753069948851945472, "site_id": 4, "sensitive": false, "user_id": 1347755538, "time": "2016-07-13 03:34:01"}], "words": [], "word_num": 0, "id": 5}, {"news_id": 753069905499619329, "sensitive": false, "news_content": "RT @velcreiro: Parab\u00e9ns Rede Globo, voc\u00ea \u00e9 digna de todos os aplausos. Viva o amor!!! #LiberdadeLiberdade https://t.co/dbtVReSSlF", "user_id": 3040306512, "users": [{"news_id": 753069905499619329, "site_id": 4, "sensitive": false, "user_id": 3040306512, "time": "2016-07-13 03:33:51"}, {"news_id": 753069905499619329, "site_id": 6, "sensitive": false, "user_id": 2407715149, "time": "2016-07-13 03:33:51"}], "words": [], "word_num": 0, "id": 6}, {"news_id": 753069859366379520, "sensitive": false, "news_content": "caralho que mulher", "user_id": 78086011, "users": [{"news_id": 753069859366379520, "site_id": 2, "sensitive": false, "user_id": 78086011, "time": "2016-07-13 03:33:40"}], "words": [], "word_num": 0, "id": 7}, {"news_id": 753069851904585728, "sensitive": false, "news_content": "RT @ItsSuperJhakez: Naiinis ka sa taong malandi? Buti hindi ka naiinis sa sarili mo? \ud83d\ude0f", "user_id": 555175414, "users": [{"news_id": 753069851904585728, "site_id": 8, "sensitive": false, "user_id": 555175414, "time": "2016-07-13 03:33:38"}, {"news_id": 753069851904585728, "site_id": 6, "sensitive": false, "user_id": 2665286869, "time": "2016-07-13 03:33:38"}], "words": [], "word_num": 0, "id": 8}, {"news_id": 753069831394426880, "sensitive": false, "news_content": "RT @ItsSuperJhakez: Mga pa fall at paasa, MABAOG KA SANA.", "user_id": 555175414, "users": [{"news_id": 753069831394426880, "site_id": 8, "sensitive": false, "user_id": 555175414, "time": "2016-07-13 03:33:33"}, {"news_id": 753069831394426880, "site_id": 6, "sensitive": false, "user_id": 2665286869, "time": "2016-07-13 03:33:33"}], "words": [], "word_num": 0, "id": 9}, {"news_id": 753069809026211840, "sensitive": false, "news_content": "https://t.co/njYnXr2eyg Fasting for justice in Dubai", "user_id": 748153437590855682, "users": [{"news_id": 753069809026211840, "site_id": 4, "sensitive": false, "user_id": 748153437590855682, "time": "2016-07-13 03:33:28"}], "words": [], "word_num": 0, "id": 10}, {"news_id": 753069780027015169, "sensitive": false, "news_content": "a emily ta maravilhosa com essa roupa", "user_id": 78086011, "users": [{"news_id": 753069780027015169, "site_id": 2, "sensitive": false, "user_id": 78086011, "time": "2016-07-13 03:33:21"}], "words": [], "word_num": 0, "id": 11}, {"news_id": 753069717246488576, "sensitive": false, "news_content": "RT @coexcz: Another great looking project by @madebysource worth to try! https://t.co/RoVCTAcz69 #design #photoshop https://t.co/MhUTIpmLf8", "user_id": 223744995, "users": [{"news_id": 753069717246488576, "site_id": 3, "sensitive": false, "user_id": 223744995, "time": "2016-07-13 03:33:06"}, {"news_id": 753069717246488576, "site_id": 2, "sensitive": false, "user_id": 70506067, "time": "2016-07-13 03:33:06"}, {"news_id": 753069717246488576, "site_id": 5, "sensitive": false, "user_id": 1451378184, "time": "2016-07-13 03:33:06"}], "words": [], "word_num": 0, "id": 12}, {"news_id": 753069707767517184, "sensitive": false, "news_content": "RT @urbandoII: RT to win: Morphe Palette of your choice. must be following me and maxokun on IG. (no likes or comments) choosing in 10 \ud83d\udc96", "user_id": 1347755538, "users": [{"news_id": 753069707767517184, "site_id": 4, "sensitive": false, "user_id": 1347755538, "time": "2016-07-13 03:33:04"}, {"news_id": 753069707767517184, "site_id": 4, "sensitive": false, "user_id": 2847258711, "time": "2016-07-13 03:33:04"}], "words": [], "word_num": 0, "id": 13}, {"news_id": 753069704755965952, "sensitive": false, "news_content": "RT @CBSSportsMLB: Home field advantage belongs to the AL yet again. https://t.co/8wLKu6EZ5V", "user_id": 14885860, "users": [{"news_id": 753069704755965952, "site_id": 5, "sensitive": false, "user_id": 14885860, "time": "2016-07-13 03:33:03"}, {"news_id": 753069704755965952, "site_id": 4, "sensitive": false, "user_id": 151532796, "time": "2016-07-13 03:33:03"}], "words": [], "word_num": 0, "id": 14}, {"news_id": 753069702583377920, "sensitive": false, "news_content": "When yo girl sleep but that ass starin at you https://t.co/vGV3DQ3x7V", "user_id": 357953332, "users": [{"news_id": 753069702583377920, "site_id": 5, "sensitive": false, "user_id": 357953332, "time": "2016-07-13 03:33:03"}], "words": [], "word_num": 0, "id": 15}, {"news_id": 753069661852471298, "sensitive": false, "news_content": "RT @Sergio_Picante: On vous dis souvent d'investir sur le parfum... Voici un de mes potes qui dit que sa go l'a barr\u00e9 parce qu il sent la t\u2026", "user_id": 75006348, "users": [{"news_id": 753069661852471298, "site_id": 7, "sensitive": false, "user_id": 75006348, "time": "2016-07-13 03:32:53"}, {"news_id": 753069661852471298, "site_id": 8, "sensitive": false, "user_id": 1064541121, "time": "2016-07-13 03:32:53"}], "words": [], "word_num": 0, "id": 16}, {"news_id": 753069618663522305, "sensitive": false, "news_content": "RT @JuanMata8i: @FutbolMo @Couzizou we're gonna do bits in europe all we need is a new CM and hummels replacement and we're making CL semi's", "user_id": 2956342667, "users": [{"news_id": 753069618663522305, "site_id": 6, "sensitive": false, "user_id": 2956342667, "time": "2016-07-13 03:32:43"}, {"news_id": 753069618663522305, "site_id": 8, "sensitive": false, "user_id": 4130728036, "time": "2016-07-13 03:32:43"}, {"news_id": 753069618663522305, "site_id": 6, "sensitive": false, "user_id": 3346309889, "time": "2016-07-13 03:32:43"}, {"news_id": 753069618663522305, "site_id": 7, "sensitive": false, "user_id": 3435296759, "time": "2016-07-13 03:32:43"}], "words": [], "word_num": 0, "id": 17}, {"news_id": 753069618533629952, "sensitive": false, "news_content": "RT @biebersmaniabr: \"Love Yourself\" - #PurposeTourBuffalo:\n\nhttps://t.co/sPmkq6kkLP https://t.co/Q2JZNtxT5K", "user_id": 3040306512, "users": [{"news_id": 753069618533629952, "site_id": 4, "sensitive": false, "user_id": 3040306512, "time": "2016-07-13 03:32:43"}, {"news_id": 753069618533629952, "site_id": 1, "sensitive": false, "user_id": 177404638, "time": "2016-07-13 03:32:43"}], "words": [], "word_num": 0, "id": 18}, {"news_id": 753069608018391040, "sensitive": false, "news_content": "RT @RSBDramaUnit: HE'S GETTING READY! #LangitLupaPromoShoot https://t.co/3BhMfBdLNQ", "user_id": 3013515342, "users": [{"news_id": 753069608018391040, "site_id": 7, "sensitive": false, "user_id": 3013515342, "time": "2016-07-13 03:32:40"}, {"news_id": 753069608018391040, "site_id": 7, "sensitive": false, "user_id": 3181180608, "time": "2016-07-13 03:32:40"}], "words": [], "word_num": 0, "id": 19}, {"news_id": 753069595976622080, "sensitive": false, "news_content": "RT @RSBDramaUnit: The Supportive Girlfriend Award goes to @gt_miho! #LangitLupaPromoShoot https://t.co/54iR4EmdXn", "user_id": 3013515342, "users": [{"news_id": 753069595976622080, "site_id": 7, "sensitive": false, "user_id": 3013515342, "time": "2016-07-13 03:32:37"}, {"news_id": 753069595976622080, "site_id": 7, "sensitive": false, "user_id": 3181180608, "time": "2016-07-13 03:32:37"}, {"news_id": 753069595976622080, "site_id": 3, "sensitive": false, "user_id": 3313869242, "time": "2016-07-13 03:32:37"}], "words": [], "word_num": 0, "id": 20}, {"news_id": 753069589316063232, "sensitive": false, "news_content": "Manny Machado is a third baseman and a shortstop. @Intel 360 replay technology proves it.\nhttps://t.co/1LtJSBQwGq", "user_id": 18479513, "users": [{"news_id": 753069589316063232, "site_id": 8, "sensitive": false, "user_id": 18479513, "time": "2016-07-13 03:32:36"}, {"news_id": 753069589316063232, "site_id": 1, "sensitive": false, "user_id": 2803191, "time": "2016-07-13 03:32:36"}], "words": [], "word_num": 0, "id": 21}, {"news_id": 753069587940249600, "sensitive": false, "news_content": "Petraeus Prosecuted - Why not Hillary 4 the same crime? https://t.co/ILqVwlSSHb     - American Thinker - #PJNET - https://t.co/rPpzb9sOD2", "user_id": 96442308, "users": [{"news_id": 753069587940249600, "site_id": 8, "sensitive": false, "user_id": 96442308, "time": "2016-07-13 03:32:35"}], "words": [], "word_num": 0, "id": 22}, {"news_id": 753069538422521856, "sensitive": false, "news_content": "RT @NationalDebt: $19,366,974,554,360.50 (+) #nationaldebt", "user_id": 4914539795, "users": [{"news_id": 753069538422521856, "site_id": 3, "sensitive": false, "user_id": 4914539795, "time": "2016-07-13 03:32:23"}, {"news_id": 753069538422521856, "site_id": 5, "sensitive": false, "user_id": 16827173, "time": "2016-07-13 03:32:23"}], "words": [], "word_num": 0, "id": 23}, {"news_id": 753069490879901696, "sensitive": false, "news_content": "RT @JuanMata8i: @Couzizou Tuchel cleaned the mess klopp created what a coach man that rock n roll bitch nearly got us relegated", "user_id": 2956342667, "users": [{"news_id": 753069490879901696, "site_id": 6, "sensitive": false, "user_id": 2956342667, "time": "2016-07-13 03:32:12"}, {"news_id": 753069490879901696, "site_id": 8, "sensitive": false, "user_id": 4130728036, "time": "2016-07-13 03:32:12"}, {"news_id": 753069490879901696, "site_id": 7, "sensitive": false, "user_id": 3435296759, "time": "2016-07-13 03:32:12"}], "words": [], "word_num": 0, "id": 24}, {"news_id": 753069449738092546, "sensitive": false, "news_content": "RT @jauregbutt: Essa \u00e9 nossa \u00eddola, o que esperar de n\u00f3s? https://t.co/MfCFNOFJ0p", "user_id": 3040306512, "users": [{"news_id": 753069449738092546, "site_id": 4, "sensitive": false, "user_id": 3040306512, "time": "2016-07-13 03:32:02"}, {"news_id": 753069449738092546, "site_id": 4, "sensitive": false, "user_id": 2480688415, "time": "2016-07-13 03:32:02"}], "words": [], "word_num": 0, "id": 25}, {"news_id": 753069440087056384, "sensitive": false, "news_content": "RT @JudicialWatch: We have filed a proposed order for discovery with a federal court that seeks the testimony of Hillary Clinton. https://t\u2026", "user_id": 4914539795, "users": [{"news_id": 753069440087056384, "site_id": 3, "sensitive": false, "user_id": 4914539795, "time": "2016-07-13 03:32:00"}, {"news_id": 753069440087056384, "site_id": 1, "sensitive": false, "user_id": 18247062, "time": "2016-07-13 03:32:00"}], "words": [], "word_num": 0, "id": 26}, {"news_id": 753069433925541888, "sensitive": false, "news_content": "RT @WDFx2EU2: \ud83d\udea8 @HillaryClinton responds to allegations of \"mental deficiencies\", insufficient sophistication\" https://t.co/COLEGAPJrN", "user_id": 32497478, "users": [{"news_id": 753069433925541888, "site_id": 8, "sensitive": false, "user_id": 32497478, "time": "2016-07-13 03:31:59"}, {"news_id": 753069433925541888, "site_id": 8, "sensitive": false, "user_id": 731181280319115264, "time": "2016-07-13 03:31:59"}, {"news_id": 753069433925541888, "site_id": 2, "sensitive": false, "user_id": 1339835893, "time": "2016-07-13 03:31:59"}], "words": [], "word_num": 0, "id": 27}, {"news_id": 753069386131447808, "sensitive": false, "news_content": "Racist are blind to their racism. Don\u2019t believe me? Ask any Democrat.", "user_id": 32497478, "users": [{"news_id": 753069386131447808, "site_id": 8, "sensitive": false, "user_id": 32497478, "time": "2016-07-13 03:31:47"}], "words": [], "word_num": 0, "id": 28}, {"news_id": 753069362416713728, "sensitive": false, "news_content": "RT @VPL: July 14- @VPL presents \"No Men Beyond This Point\" followed by Q&amp;A session w/ @KaleenaKiff &amp; @PatrickGilmore https://t.co/pDV8QfFJpt", "user_id": 34704894, "users": [{"news_id": 753069362416713728, "site_id": 6, "sensitive": false, "user_id": 34704894, "time": "2016-07-13 03:31:42"}, {"news_id": 753069362416713728, "site_id": 4, "sensitive": false, "user_id": 14873900, "time": "2016-07-13 03:31:42"}, {"news_id": 753069362416713728, "site_id": 4, "sensitive": false, "user_id": 14873900, "time": "2016-07-13 03:31:42"}, {"news_id": 753069362416713728, "site_id": 5, "sensitive": false, "user_id": 404363179, "time": "2016-07-13 03:31:42"}, {"news_id": 753069362416713728, "site_id": 6, "sensitive": false, "user_id": 34704894, "time": "2016-07-13 03:31:42"}], "words": [], "word_num": 0, "id": 29}, {"news_id": 753069360340606976, "sensitive": false, "news_content": "RT @JuanMata8i: @AnyoneButWenger same they play better football than anyone in the prem we're going to ruin teams in europe next ssn", "user_id": 2956342667, "users": [{"news_id": 753069360340606976, "site_id": 6, "sensitive": false, "user_id": 2956342667, "time": "2016-07-13 03:31:41"}, {"news_id": 753069360340606976, "site_id": 8, "sensitive": false, "user_id": 4130728036, "time": "2016-07-13 03:31:41"}, {"news_id": 753069360340606976, "site_id": 1, "sensitive": false, "user_id": 2168845256, "time": "2016-07-13 03:31:41"}], "words": [], "word_num": 0, "id": 30}], [{"news_id": 753070012760399872, "site_id": 8, "sensitive": false, "user_id": 555175414, "time": "2016-07-13 03:34:17"}, {"news_id": 753070012760399872, "site_id": 2, "sensitive": false, "user_id": 1962570246, "time": "2016-07-13 03:34:17"}, {"news_id": 753070012760399872, "site_id": 1, "sensitive": false, "user_id": 63701775, "time": "2016-07-13 03:34:17"}, {"news_id": 753069980015439872, "site_id": 8, "sensitive": false, "user_id": 18479513, "time": "2016-07-13 03:34:09"}, {"news_id": 753069980015439872, "site_id": 7, "sensitive": false, "user_id": 66395780, "time": "2016-07-13 03:34:09"}, {"news_id": 753069980015439872, "site_id": 5, "sensitive": false, "user_id": 1315298502, "time": "2016-07-13 03:34:09"}, {"news_id": 753069977628966912, "site_id": 5, "sensitive": false, "user_id": 2425231, "time": "2016-07-13 03:34:08"}, {"news_id": 753069970796470272, "site_id": 3, "sensitive": false, "user_id": 223744995, "time": "2016-07-13 03:34:07"}, {"news_id": 753069948851945472, "site_id": 4, "sensitive": false, "user_id": 1347755538, "time": "2016-07-13 03:34:01"}, {"news_id": 753069905499619329, "site_id": 4, "sensitive": false, "user_id": 3040306512, "time": "2016-07-13 03:33:51"}, {"news_id": 753069905499619329, "site_id": 6, "sensitive": false, "user_id": 2407715149, "time": "2016-07-13 03:33:51"}, {"news_id": 753069859366379520, "site_id": 2, "sensitive": false, "user_id": 78086011, "time": "2016-07-13 03:33:40"}, {"news_id": 753069851904585728, "site_id": 8, "sensitive": false, "user_id": 555175414, "time": "2016-07-13 03:33:38"}, {"news_id": 753069851904585728, "site_id": 6, "sensitive": false, "user_id": 2665286869, "time": "2016-07-13 03:33:38"}, {"news_id": 753069831394426880, "site_id": 8, "sensitive": false, "user_id": 555175414, "time": "2016-07-13 03:33:33"}, {"news_id": 753069831394426880, "site_id": 6, "sensitive": false, "user_id": 2665286869, "time": "2016-07-13 03:33:33"}, {"news_id": 753069809026211840, "site_id": 4, "sensitive": false, "user_id": 748153437590855682, "time": "2016-07-13 03:33:28"}, {"news_id": 753069780027015169, "site_id": 2, "sensitive": false, "user_id": 78086011, "time": "2016-07-13 03:33:21"}, {"news_id": 753069717246488576, "site_id": 3, "sensitive": false, "user_id": 223744995, "time": "2016-07-13 03:33:06"}, {"news_id": 753069717246488576, "site_id": 2, "sensitive": false, "user_id": 70506067, "time": "2016-07-13 03:33:06"}, {"news_id": 753069717246488576, "site_id": 5, "sensitive": false, "user_id": 1451378184, "time": "2016-07-13 03:33:06"}, {"news_id": 753069707767517184, "site_id": 4, "sensitive": false, "user_id": 1347755538, "time": "2016-07-13 03:33:04"}, {"news_id": 753069707767517184, "site_id": 4, "sensitive": false, "user_id": 2847258711, "time": "2016-07-13 03:33:04"}, {"news_id": 753069704755965952, "site_id": 5, "sensitive": false, "user_id": 14885860, "time": "2016-07-13 03:33:03"}, {"news_id": 753069704755965952, "site_id": 4, "sensitive": false, "user_id": 151532796, "time": "2016-07-13 03:33:03"}, {"news_id": 753069702583377920, "site_id": 5, "sensitive": false, "user_id": 357953332, "time": "2016-07-13 03:33:03"}, {"news_id": 753069661852471298, "site_id": 7, "sensitive": false, "user_id": 75006348, "time": "2016-07-13 03:32:53"}, {"news_id": 753069661852471298, "site_id": 8, "sensitive": false, "user_id": 1064541121, "time": "2016-07-13 03:32:53"}, {"news_id": 753069618663522305, "site_id": 6, "sensitive": false, "user_id": 2956342667, "time": "2016-07-13 03:32:43"}, {"news_id": 753069618663522305, "site_id": 8, "sensitive": false, "user_id": 4130728036, "time": "2016-07-13 03:32:43"}, {"news_id": 753069618663522305, "site_id": 6, "sensitive": false, "user_id": 3346309889, "time": "2016-07-13 03:32:43"}, {"news_id": 753069618663522305, "site_id": 7, "sensitive": false, "user_id": 3435296759, "time": "2016-07-13 03:32:43"}, {"news_id": 753069618533629952, "site_id": 4, "sensitive": false, "user_id": 3040306512, "time": "2016-07-13 03:32:43"}, {"news_id": 753069618533629952, "site_id": 1, "sensitive": false, "user_id": 177404638, "time": "2016-07-13 03:32:43"}, {"news_id": 753069608018391040, "site_id": 7, "sensitive": false, "user_id": 3013515342, "time": "2016-07-13 03:32:40"}, {"news_id": 753069608018391040, "site_id": 7, "sensitive": false, "user_id": 3181180608, "time": "2016-07-13 03:32:40"}, {"news_id": 753069595976622080, "site_id": 7, "sensitive": false, "user_id": 3013515342, "time": "2016-07-13 03:32:37"}, {"news_id": 753069595976622080, "site_id": 7, "sensitive": false, "user_id": 3181180608, "time": "2016-07-13 03:32:37"}, {"news_id": 753069595976622080, "site_id": 3, "sensitive": false, "user_id": 3313869242, "time": "2016-07-13 03:32:37"}, {"news_id": 753069589316063232, "site_id": 8, "sensitive": false, "user_id": 18479513, "time": "2016-07-13 03:32:36"}, {"news_id": 753069589316063232, "site_id": 1, "sensitive": false, "user_id": 2803191, "time": "2016-07-13 03:32:36"}, {"news_id": 753069587940249600, "site_id": 8, "sensitive": false, "user_id": 96442308, "time": "2016-07-13 03:32:35"}, {"news_id": 753069538422521856, "site_id": 3, "sensitive": false, "user_id": 4914539795, "time": "2016-07-13 03:32:23"}, {"news_id": 753069538422521856, "site_id": 5, "sensitive": false, "user_id": 16827173, "time": "2016-07-13 03:32:23"}, {"news_id": 753069490879901696, "site_id": 6, "sensitive": false, "user_id": 2956342667, "time": "2016-07-13 03:32:12"}, {"news_id": 753069490879901696, "site_id": 8, "sensitive": false, "user_id": 4130728036, "time": "2016-07-13 03:32:12"}, {"news_id": 753069490879901696, "site_id": 7, "sensitive": false, "user_id": 3435296759, "time": "2016-07-13 03:32:12"}, {"news_id": 753069449738092546, "site_id": 4, "sensitive": false, "user_id": 3040306512, "time": "2016-07-13 03:32:02"}, {"news_id": 753069449738092546, "site_id": 4, "sensitive": false, "user_id": 2480688415, "time": "2016-07-13 03:32:02"}, {"news_id": 753069440087056384, "site_id": 3, "sensitive": false, "user_id": 4914539795, "time": "2016-07-13 03:32:00"}, {"news_id": 753069440087056384, "site_id": 1, "sensitive": false, "user_id": 18247062, "time": "2016-07-13 03:32:00"}, {"news_id": 753069433925541888, "site_id": 8, "sensitive": false, "user_id": 32497478, "time": "2016-07-13 03:31:59"}, {"news_id": 753069433925541888, "site_id": 8, "sensitive": false, "user_id": 731181280319115264, "time": "2016-07-13 03:31:59"}, {"news_id": 753069433925541888, "site_id": 2, "sensitive": false, "user_id": 1339835893, "time": "2016-07-13 03:31:59"}, {"news_id": 753069386131447808, "site_id": 8, "sensitive": false, "user_id": 32497478, "time": "2016-07-13 03:31:47"}, {"news_id": 753069362416713728, "site_id": 6, "sensitive": false, "user_id": 34704894, "time": "2016-07-13 03:31:42"}, {"news_id": 753069362416713728, "site_id": 4, "sensitive": false, "user_id": 14873900, "time": "2016-07-13 03:31:42"}, {"news_id": 753069362416713728, "site_id": 4, "sensitive": false, "user_id": 14873900, "time": "2016-07-13 03:31:42"}, {"news_id": 753069362416713728, "site_id": 5, "sensitive": false, "user_id": 404363179, "time": "2016-07-13 03:31:42"}, {"news_id": 753069362416713728, "site_id": 6, "sensitive": false, "user_id": 34704894, "time": "2016-07-13 03:31:42"}, {"news_id": 753069360340606976, "site_id": 6, "sensitive": false, "user_id": 2956342667, "time": "2016-07-13 03:31:41"}, {"news_id": 753069360340606976, "site_id": 8, "sensitive": false, "user_id": 4130728036, "time": "2016-07-13 03:31:41"}, {"news_id": 753069360340606976, "site_id": 1, "sensitive": false, "user_id": 2168845256, "time": "2016-07-13 03:31:41"}]]
[ { news_id: 753070012760399900,
    sensitive: false,
    news_content: 'RT @kennethxrivera: Ang Maine Mendoza ng UE 😍☺😂❤ @mainedcm https://t.co/9IxSmALdKD',
    user_id: 555175414,
    users: [ [Object], [Object], [Object] ],
    words: [],
    word_num: 0,
    id: 1 },
  { news_id: 753069980015439900,
    sensitive: false,
    news_content: 'Your @Chevrolet #ASG MVP: @TheRealHos35.\n\n#ChevyBaseball https://t.co/OpgXDPmsuq',
    user_id: 18479513,
    users: [ [Object], [Object], [Object] ],
    words: [],
    word_num: 0,
    id: 2 },
  { news_id: 753069977628966900,
    sensitive: false,
    news_content: 'Cats “Headbutt” people because they make them feel safe, or they trust them.',
    user_id: 2425231,
    users: [ [Object] ],
    words: [],
    word_num: 0,
    id: 3 },
  { news_id: 753069970796470300,
    sensitive: false,
    news_content: '#russo 108Morris108 Update 1 https://t.co/jnyPHCHti0 #eo https://t.co/qCa4da0tck',
    user_id: 223744995,
    users: [ [Object] ],
    words: [],
    word_num: 0,
    id: 4 },
  { news_id: 753069948851945500,
    sensitive: false,
    news_content: 'https://t.co/iRNh2MxcC4',
    user_id: 1347755538,
    users: [ [Object] ],
    words: [],
    word_num: 0,
    id: 5 },
  { news_id: 753069905499619300,
    sensitive: false,
    news_content: 'RT @velcreiro: Parabéns Rede Globo, você é digna de todos os aplausos. Viva o amor!!! #LiberdadeLiberdade https://t.co/dbtVReSSlF',
    user_id: 3040306512,
    users: [ [Object], [Object] ],
    words: [],
    word_num: 0,
    id: 6 },
  { news_id: 753069859366379500,
    sensitive: false,
    news_content: 'caralho que mulher',
    user_id: 78086011,
    users: [ [Object] ],
    words: [],
    word_num: 0,
    id: 7 },
  { news_id: 753069851904585700,
    sensitive: false,
    news_content: 'RT @ItsSuperJhakez: Naiinis ka sa taong malandi? Buti hindi ka naiinis sa sarili mo? 😏',
    user_id: 555175414,
    users: [ [Object], [Object] ],
    words: [],
    word_num: 0,
    id: 8 },
  { news_id: 753069831394426900,
    sensitive: false,
    news_content: 'RT @ItsSuperJhakez: Mga pa fall at paasa, MABAOG KA SANA.',
    user_id: 555175414,
    users: [ [Object], [Object] ],
    words: [],
    word_num: 0,
    id: 9 },
  { news_id: 753069809026211800,
    sensitive: false,
    news_content: 'https://t.co/njYnXr2eyg Fasting for justice in Dubai',
    user_id: 748153437590855700,
    users: [ [Object] ],
    words: [],
    word_num: 0,
    id: 10 },
  { news_id: 753069780027015200,
    sensitive: false,
    news_content: 'a emily ta maravilhosa com essa roupa',
    user_id: 78086011,
    users: [ [Object] ],
    words: [],
    word_num: 0,
    id: 11 },
  { news_id: 753069717246488600,
    sensitive: false,
    news_content: 'RT @coexcz: Another great looking project by @madebysource worth to try! https://t.co/RoVCTAcz69 #design #photoshop https://t.co/MhUTIpmLf8',
    user_id: 223744995,
    users: [ [Object], [Object], [Object] ],
    words: [],
    word_num: 0,
    id: 12 },
  { news_id: 753069707767517200,
    sensitive: false,
    news_content: 'RT @urbandoII: RT to win: Morphe Palette of your choice. must be following me and maxokun on IG. (no likes or comments) choosing in 10 💖',
    user_id: 1347755538,
    users: [ [Object], [Object] ],
    words: [],
    word_num: 0,
    id: 13 },
  { news_id: 753069704755966000,
    sensitive: false,
    news_content: 'RT @CBSSportsMLB: Home field advantage belongs to the AL yet again. https://t.co/8wLKu6EZ5V',
    user_id: 14885860,
    users: [ [Object], [Object] ],
    words: [],
    word_num: 0,
    id: 14 },
  { news_id: 753069702583377900,
    sensitive: false,
    news_content: 'When yo girl sleep but that ass starin at you https://t.co/vGV3DQ3x7V',
    user_id: 357953332,
    users: [ [Object] ],
    words: [],
    word_num: 0,
    id: 15 },
  { news_id: 753069661852471300,
    sensitive: false,
    news_content: 'RT @Sergio_Picante: On vous dis souvent d\'investir sur le parfum... Voici un de mes potes qui dit que sa go l\'a barré parce qu il sent la t…',
    user_id: 75006348,
    users: [ [Object], [Object] ],
    words: [],
    word_num: 0,
    id: 16 },
  { news_id: 753069618663522300,
    sensitive: false,
    news_content: 'RT @JuanMata8i: @FutbolMo @Couzizou we\'re gonna do bits in europe all we need is a new CM and hummels replacement and we\'re making CL semi\'s',
    user_id: 2956342667,
    users: [ [Object], [Object], [Object], [Object] ],
    words: [],
    word_num: 0,
    id: 17 },
  { news_id: 753069618533630000,
    sensitive: false,
    news_content: 'RT @biebersmaniabr: "Love Yourself" - #PurposeTourBuffalo:\n\nhttps://t.co/sPmkq6kkLP https://t.co/Q2JZNtxT5K',
    user_id: 3040306512,
    users: [ [Object], [Object] ],
    words: [],
    word_num: 0,
    id: 18 },
  { news_id: 753069608018391000,
    sensitive: false,
    news_content: 'RT @RSBDramaUnit: HE\'S GETTING READY! #LangitLupaPromoShoot https://t.co/3BhMfBdLNQ',
    user_id: 3013515342,
    users: [ [Object], [Object] ],
    words: [],
    word_num: 0,
    id: 19 },
  { news_id: 753069595976622100,
    sensitive: false,
    news_content: 'RT @RSBDramaUnit: The Supportive Girlfriend Award goes to @gt_miho! #LangitLupaPromoShoot https://t.co/54iR4EmdXn',
    user_id: 3013515342,
    users: [ [Object], [Object], [Object] ],
    words: [],
    word_num: 0,
    id: 20 } ]
[ { news_id: 753069589316063200,
    sensitive: false,
    news_content: 'Manny Machado is a third baseman and a shortstop. @Intel 360 replay technology proves it.\nhttps://t.co/1LtJSBQwGq',
    user_id: 18479513,
    users: [ [Object], [Object] ],
    words: [],
    word_num: 0,
    id: 21 },
  { news_id: 753069587940249600,
    sensitive: false,
    news_content: 'Petraeus Prosecuted - Why not Hillary 4 the same crime? https://t.co/ILqVwlSSHb     - American Thinker - #PJNET - https://t.co/rPpzb9sOD2',
    user_id: 96442308,
    users: [ [Object] ],
    words: [],
    word_num: 0,
    id: 22 },
  { news_id: 753069538422521900,
    sensitive: false,
    news_content: 'RT @NationalDebt: $19,366,974,554,360.50 (+) #nationaldebt',
    user_id: 4914539795,
    users: [ [Object], [Object] ],
    words: [],
    word_num: 0,
    id: 23 },
  { news_id: 753069490879901700,
    sensitive: false,
    news_content: 'RT @JuanMata8i: @Couzizou Tuchel cleaned the mess klopp created what a coach man that rock n roll bitch nearly got us relegated',
    user_id: 2956342667,
    users: [ [Object], [Object], [Object] ],
    words: [],
    word_num: 0,
    id: 24 },
  { news_id: 753069449738092500,
    sensitive: false,
    news_content: 'RT @jauregbutt: Essa é nossa ídola, o que esperar de nós? https://t.co/MfCFNOFJ0p',
    user_id: 3040306512,
    users: [ [Object], [Object] ],
    words: [],
    word_num: 0,
    id: 25 },
  { news_id: 753069440087056400,
    sensitive: false,
    news_content: 'RT @JudicialWatch: We have filed a proposed order for discovery with a federal court that seeks the testimony of Hillary Clinton. https://t…',
    user_id: 4914539795,
    users: [ [Object], [Object] ],
    words: [],
    word_num: 0,
    id: 26 },
  { news_id: 753069433925541900,
    sensitive: false,
    news_content: 'RT @WDFx2EU2: 🚨 @HillaryClinton responds to allegations of "mental deficiencies", insufficient sophistication" https://t.co/COLEGAPJrN',
    user_id: 32497478,
    users: [ [Object], [Object], [Object] ],
    words: [],
    word_num: 0,
    id: 27 },
  { news_id: 753069386131447800,
    sensitive: false,
    news_content: 'Racist are blind to their racism. Don’t believe me? Ask any Democrat.',
    user_id: 32497478,
    users: [ [Object] ],
    words: [],
    word_num: 0,
    id: 28 },
  { news_id: 753069362416713700,
    sensitive: false,
    news_content: 'RT @VPL: July 14- @VPL presents "No Men Beyond This Point" followed by Q&amp;A session w/ @KaleenaKiff &amp; @PatrickGilmore https://t.co/pDV8QfFJpt',
    user_id: 34704894,
    users: [ [Object], [Object], [Object], [Object], [Object] ],
    words: [],
    word_num: 0,
    id: 29 },
  { news_id: 753069360340607000,
    sensitive: false,
    news_content: 'RT @JuanMata8i: @AnyoneButWenger same they play better football than anyone in the prem we\'re going to ruin teams in europe next ssn',
    user_id: 2956342667,
    users: [ [Object], [Object], [Object] ],
    words: [],
    word_num: 0,
    id: 30 } ]
[]
[]
[]
[]
[]
[]
[]
[]
[]
[]
[]
[]
[]
[]
[]
[]
[]
[]
[]
[]
[]
[]
[]
[]
[]
[]
[]
[]
[]
[]
[]
[]
[]
[]
[]
[]
[]
[]
[]
[]
[]
[]
[]
[]
[]
[]
[]
[]
[]
[]
[]
[]
[]
[]
[]
[]
[]
[]
[]
[]
[]
[]
[]
[]
[]
[]
[]
[]
[]
[]
[]
[]
[]
[]
[]
[]
[]
[]
[]
[]
[]
[]
[]
[]
[]
[]
[]
[]
[]
[]
[]
[]
[]
[]
[]
[]
[]
[]
[]
[]
[]
[]
[]
[]
[]
[]
[]
[]
[]
[]
[]
[]
[]
[]
[]
[]
[]
[]
[]
[]
[]
[]
[]
[]
[]
[]
[]
[]
[]
[]
[]
[]
[]
[]
[]
[]
[]
[]
[]
[]
[]
[]
[]
[]
[]
[]
[]
[]
[]
[]
[]
[]
[]
